0.082572	-0.185706	0.092455	0.223278
0.068448	-0.118678	0.027899	0.139815
0.055580	-0.134491	0.049512	0.153715
0.096716	-0.179055	0.074690	0.216779
0.046225	-0.124233	0.092489	0.161632
0.052801	-0.090763	0.060753	0.121313
0.058163	-0.191616	0.121069	0.234002
0.071562	-0.102873	0.048300	0.134301
0.117003	-0.141998	0.059213	0.193285
0.030659	-0.145713	0.116394	0.188997
0.051919	-0.044322	0.100581	0.121559
0.068332	-0.100645	0.086000	0.148979
0.076906	-0.071052	0.049694	0.115899
0.059713	-0.197350	0.102692	0.230344
0.114090	-0.088265	0.063378	0.157556
0.057465	-0.154148	0.121982	0.204801
0.040558	-0.146904	0.101213	0.182947
0.080937	-0.109876	0.109740	0.175119
0.090014	-0.106351	0.018445	0.140546
0.039576	-0.118196	0.088344	0.152779
0.069898	-0.035818	0.020090	0.081070
0.118149	-0.108255	0.028298	0.162724
0.050033	-0.227731	0.110774	0.258139
0.071645	-0.170979	0.129252	0.225993
0.095476	-0.176235	0.135119	0.241726
0.068256	-0.141092	0.131874	0.204833
0.034109	-0.113786	0.125190	0.172578
0.101221	-0.068238	0.055894	0.134262
0.111377	-0.142978	0.075825	0.196461
0.041878	-0.116698	0.113200	0.167888
0.070585	-0.128070	0.096488	0.175197
0.057442	-0.087707	0.075848	0.129402
0.067782	-0.106771	-0.002172	0.126488
0.104875	-0.104755	0.065802	0.162180
0.087987	-0.168325	0.048785	0.196100
0.110434	-0.139770	0.044553	0.183620
0.082002	-0.069073	0.030855	0.111568
0.058560	-0.147249	0.076535	0.175980
0.080848	-0.165433	0.100037	0.209551
0.098484	-0.178290	0.084001	0.220324
0.130997	-0.124367	0.072761	0.194734
0.132507	-0.150652	0.072074	0.213187
0.043994	-0.152317	0.113690	0.195093
0.110314	-0.126020	0.078287	0.184876
0.103819	-0.169522	0.087207	0.217074
0.064174	-0.201975	0.096331	0.232791
0.093928	-0.063925	0.030323	0.117594
0.103174	-0.127697	0.062306	0.175595
0.126280	-0.117786	0.094477	0.196841
0.092925	-0.131328	0.141002	0.213924
0.124674	-0.191791	0.072646	0.240010
0.064540	-0.104557	0.137108	0.184109
0.109989	-0.178381	0.108583	0.236024
0.101298	-0.165918	0.081150	0.210655
0.071206	-0.156702	0.053965	0.180383
0.076643	-0.175158	0.086873	0.210003
0.061180	-0.105445	0.062335	0.136920
0.083483	-0.151421	0.053036	0.180861
0.120267	-0.119234	0.073251	0.184517
0.090276	-0.203618	0.092405	0.241140
0.105051	-0.106531	0.065857	0.163467
0.108941	-0.174253	0.051530	0.211867
0.083291	-0.201486	0.144211	0.261402
0.117681	-0.155640	0.106126	0.222116
0.081889	-0.145636	0.133874	0.214098
0.070796	-0.185144	0.155133	0.251708
0.099521	-0.113267	0.079230	0.170327
0.122938	-0.103871	0.074701	0.177435
0.087080	-0.178615	0.090844	0.218492
0.097820	-0.091776	0.069531	0.151084
0.141909	-0.179466	0.056376	0.235636
0.120920	-0.155119	0.083013	0.213482
0.096281	-0.162679	0.079953	0.205249
0.107721	-0.133230	0.097302	0.197032
0.123756	-0.100249	0.046500	0.165915
0.104589	-0.113811	0.078738	0.173468
0.101484	-0.194027	0.133405	0.256403
0.087270	-0.151552	0.047574	0.181239
0.093731	-0.164430	0.126144	0.227453
0.083468	-0.187182	0.114519	0.234774
0.087184	-0.173530	0.104724	0.220638
0.107692	-0.120283	0.045875	0.167840
0.101393	-0.139695	0.110653	0.205035
0.148038	-0.121000	0.069411	0.203406
0.083488	-0.177980	0.141761	0.242370
0.126903	-0.108471	0.056492	0.176243
0.064159	-0.240206	0.133384	0.282147
0.099177	-0.146920	0.106201	0.206640
0.101941	-0.160115	0.066326	0.201067
0.055814	-0.142180	0.102949	0.184198
0.131524	-0.090571	0.085991	0.181373
0.119063	-0.099025	0.074776	0.171969
0.065006	-0.105257	0.061115	0.137985
0.100728	-0.144452	0.080886	0.193791
0.106452	-0.094061	0.092660	0.169604
-0.002997	-0.135665	0.122326	0.182696
0.123320	-0.118190	0.103421	0.199682
0.111265	-0.176191	0.085130	0.225100
0.125629	-0.158907	0.082646	0.218779
0.083426	-0.235652	0.104043	0.270770
0.117693	-0.182875	0.073128	0.229440
0.095478	-0.153833	0.057141	0.189857
0.105992	-0.138863	0.069905	0.188160
0.128961	-0.147651	0.066532	0.207022
0.110716	-0.170252	0.107848	0.229946
0.117410	-0.124228	0.071300	0.185206
0.117473	-0.204202	0.064851	0.244345
0.088459	-0.163072	0.112931	0.217189
0.087873	-0.125363	0.128412	0.199818
0.118760	-0.209331	0.115631	0.267009
0.098366	-0.157821	0.106679	0.214392
0.149045	-0.174767	0.097318	0.249457
0.110770	-0.095135	0.137357	0.200469
0.111972	-0.131499	0.072001	0.187120
0.111894	-0.129940	0.082241	0.190179
0.107237	-0.112929	0.117643	0.195174
0.123245	-0.152114	0.097077	0.218522
0.191587	-0.048464	0.006846	0.197740
0.118999	-0.159305	0.100914	0.222986
0.116012	-0.110409	0.110096	0.194345
0.123207	-0.095263	0.065351	0.168895
0.106328	-0.170361	0.130703	0.239607
0.162507	-0.109479	0.049326	0.202057
0.138882	-0.082273	0.050649	0.169181
0.113692	-0.125629	0.131300	0.214355
0.105755	-0.118883	0.095010	0.185322
0.117380	-0.128447	0.035992	0.177686
0.106665	-0.163486	0.099520	0.219111
0.123519	-0.152368	0.122111	0.231050
0.111224	-0.153955	0.094151	0.211985
0.114065	-0.084708	0.109736	0.179523
0.117198	-0.206622	0.077142	0.249757
0.126496	-0.111157	0.109237	0.200723
0.097437	-0.207103	0.152481	0.275021
0.087484	-0.173135	0.093041	0.215142
0.082067	-0.141410	0.064824	0.175881
0.106012	-0.116448	0.090864	0.181810
0.151329	-0.120436	0.093162	0.214673
0.145502	-0.105962	0.090552	0.201490
0.154737	-0.112349	0.112669	0.221946
0.140464	-0.094553	0.109415	0.201598
0.156574	-0.110392	0.051237	0.198310
0.105800	-0.132786	0.044015	0.175394
0.079979	-0.119906	0.131766	0.195285
0.099430	-0.239408	0.123987	0.287359
0.151882	-0.132196	0.081680	0.217291
0.148525	-0.121795	0.091366	0.212700
0.129866	-0.159829	0.144134	0.251366
0.169042	-0.063956	0.108875	0.210996
0.128712	-0.128539	0.119208	0.217484
0.125918	-0.179461	0.075480	0.231860
0.117870	-0.177418	0.099638	0.235155
0.131077	-0.215790	0.113964	0.277009
0.138210	-0.106542	0.126993	0.215825
0.174271	-0.115334	0.083873	0.225182
0.117768	-0.155296	0.121539	0.229691
0.184963	-0.142081	0.136014	0.269997
0.118356	-0.149826	0.127756	0.229733
0.144031	-0.168260	0.059195	0.229260
0.181767	-0.133238	0.113301	0.252247
0.119192	-0.066221	0.127328	0.186559
0.113705	-0.122389	0.106013	0.197856
0.178739	-0.040759	0.083213	0.201329
0.158169	-0.096660	0.081492	0.202489
0.119157	-0.199622	0.142695	0.272780
0.150580	-0.116543	0.110396	0.220100
0.105375	-0.104056	0.091768	0.174221
0.165181	-0.106374	0.109697	0.225019
0.122855	-0.205198	0.140905	0.277586
0.147349	-0.132126	0.151354	0.249152
0.146287	-0.105080	0.132381	0.223532
0.110358	-0.118997	0.097575	0.189367
0.198572	-0.112886	0.080042	0.242035
0.131636	-0.062808	0.072304	0.162791
0.124997	-0.131897	0.126915	0.221649
0.138882	-0.149566	0.101610	0.227997
0.140976	-0.139374	0.142176	0.243953
0.151589	-0.111784	0.100851	0.213649
0.182894	-0.154770	0.066610	0.248678
0.152187	-0.049655	0.064286	0.172508
0.125507	-0.167456	0.141146	0.252420
0.122019	-0.183781	0.090775	0.238546
0.160515	-0.146389	0.116271	0.246402
0.122401	-0.181900	0.129700	0.254738
0.158258	-0.162070	0.104619	0.249514
0.154101	-0.087913	0.062167	0.187991
0.143142	-0.216942	0.158978	0.304676
0.165267	-0.125642	0.132754	0.246420
0.160690	-0.136277	0.032543	0.213194
0.133791	-0.077672	0.102410	0.185529
0.152549	-0.175851	0.107308	0.256339
0.183734	-0.080878	0.082880	0.217183
0.129008	-0.150643	0.179353	0.267402
0.146800	-0.155023	0.087809	0.230852
0.147434	-0.248314	0.095805	0.304261
0.151068	-0.220656	0.120356	0.293251
0.163868	-0.127161	0.117203	0.238242
0.148707	-0.105066	0.115997	0.215889
0.152871	-0.073911	0.124760	0.210707
0.122014	-0.193552	0.168114	0.283923
0.192617	-0.091278	0.075382	0.226087
0.182522	-0.087218	0.108006	0.229317
0.157442	-0.131918	0.130036	0.243104
0.154619	-0.100651	0.122302	0.221349
0.188799	-0.119383	0.107087	0.247719
0.165671	-0.164631	0.100825	0.254393
0.176038	-0.098889	0.109747	0.229810
0.181805	-0.124787	0.159471	0.272132
0.145603	-0.156861	0.118586	0.244680
0.143248	-0.147346	0.097544	0.227477
0.108757	-0.137650	0.146390	0.228486
0.172637	-0.142583	0.110520	0.249696
0.184027	-0.126049	0.134808	0.260629
0.180919	-0.195495	0.131357	0.296993
0.196028	-0.144823	0.102469	0.264388
0.145907	-0.118207	0.125410	0.225808
0.132625	-0.070282	0.090836	0.175442
0.184834	-0.158107	0.111140	0.267420
0.154659	-0.160416	0.107449	0.247382
0.139409	-0.147042	0.124593	0.237865
0.201447	-0.167495	0.074629	0.272406
0.145598	-0.136669	0.109841	0.227909
0.159422	-0.075124	0.070776	0.189917
0.210292	-0.090191	0.104696	0.251631
0.144503	-0.136811	0.176245	0.265820
0.203403	-0.144044	0.113635	0.273924
0.186760	-0.137107	0.149307	0.275627
0.147789	-0.178725	0.154363	0.278589
0.169892	-0.185388	0.117417	0.277523
0.215512	-0.109102	0.065618	0.250309
0.196654	-0.122994	0.083872	0.246647
0.160853	-0.083344	0.134878	0.225858
0.198552	-0.135608	0.088713	0.256286
0.151726	-0.212970	0.162054	0.307634
0.184231	-0.150038	0.106504	0.260376
0.186348	-0.086829	0.067029	0.216235
0.156362	-0.161477	0.148782	0.269555
0.157988	-0.124026	0.099243	0.224035
0.220362	-0.066658	0.093144	0.248352
0.186310	-0.191528	0.111925	0.289692
0.180698	-0.100560	0.106117	0.232432
0.164276	-0.185595	0.148594	0.288985
0.195525	-0.140129	0.131432	0.274118
0.174950	-0.074304	0.125350	0.227687
0.196513	-0.126107	0.118085	0.261656
0.191335	-0.130322	0.073243	0.242812
0.211265	-0.156247	0.200615	0.330594
0.209937	-0.111844	0.103894	0.259570
0.197554	-0.131241	0.128318	0.269662
0.197512	-0.130886	0.127490	0.269065
0.205574	-0.107059	0.113443	0.258053
0.199433	-0.113146	0.064960	0.238318
0.221713	-0.129372	0.141756	0.293238
0.191763	-0.226094	0.128598	0.323155
0.197115	-0.062654	0.090286	0.225680
0.197652	-0.135940	0.089588	0.256071
0.213768	-0.136336	0.096626	0.271332
0.209106	-0.096367	0.116261	0.257931
0.196157	-0.121717	0.149912	0.275257
0.202022	-0.125398	0.119243	0.266001
0.156032	-0.128728	0.073864	0.215343
0.193190	-0.107772	0.127687	0.255423
0.226537	-0.121722	0.121968	0.284625
0.180457	-0.126061	0.108923	0.245602
0.170774	-0.156750	0.150766	0.276522
0.214474	-0.099373	0.116561	0.263553
0.222732	-0.098202	0.095660	0.261542
0.183612	-0.184685	0.152444	0.301763
0.211268	-0.129515	0.096800	0.266043
0.208002	-0.116579	0.135439	0.274225
0.177410	-0.154086	0.139682	0.273364
0.244159	-0.102750	0.112829	0.287927
0.214620	-0.163459	0.122523	0.296298
0.234639	-0.119630	0.093128	0.279355
0.188108	-0.201938	0.157574	0.317794
0.172161	-0.075341	0.111948	0.218742
0.217891	-0.098100	0.149724	0.281989
0.195727	-0.111555	0.093183	0.243796
0.195933	-0.114560	0.149627	0.271849
0.208441	-0.107233	0.098993	0.254453
0.177687	-0.152897	0.139883	0.272979
0.140030	-0.126842	0.184643	0.264178
0.195643	-0.114914	0.170499	0.283815
0.189614	-0.182196	0.095807	0.279871
0.177506	-0.130892	0.131142	0.256592
0.179756	-0.134147	0.141332	0.265108
0.249525	-0.052969	0.059762	0.261992
0.224071	-0.107208	0.146027	0.288141
0.231513	-0.062030	0.038010	0.242674
0.205129	-0.113946	0.067081	0.244052
0.208635	-0.130356	0.128687	0.277636
0.221013	-0.109488	0.103307	0.267408
0.247558	-0.113099	0.103261	0.291100
0.223096	-0.101659	0.159438	0.292450
0.212836	-0.085430	0.107289	0.253196
0.267726	-0.112646	0.102377	0.307973
0.243411	-0.103536	0.157232	0.307719
0.223973	-0.096164	0.133989	0.278145
0.257558	-0.124721	0.136481	0.317046
0.194233	-0.152272	0.140886	0.284186
0.177894	-0.058593	0.137169	0.232152
0.215501	-0.158355	0.134474	0.299333
0.260137	-0.064258	0.117740	0.292682
0.232641	-0.121381	0.102144	0.281582
0.160686	-0.213413	0.177390	0.320675
0.231994	-0.061759	0.143302	0.279591
0.245886	-0.128590	0.129416	0.306176
0.231042	-0.115623	0.090591	0.273781
0.230609	-0.097537	0.157767	0.295947
0.182216	-0.165139	0.193241	0.312755
0.238794	-0.082805	0.080377	0.265216
0.230152	-0.143998	0.133665	0.302608
0.217910	-0.181848	0.101920	0.301565
0.217603	-0.067314	0.130917	0.262719
0.234061	-0.153176	0.157528	0.321034
0.198677	-0.080572	0.135133	0.253427
0.231119	-0.101310	0.094945	0.269618
0.214280	-0.116866	0.165126	0.294686
0.206274	-0.165482	0.163502	0.310912
0.180279	-0.178595	0.178113	0.310034
0.243854	-0.153464	0.101512	0.305484
0.249199	-0.127655	0.128198	0.307946
0.224177	-0.097969	0.101316	0.264798
0.234290	-0.139572	0.152139	0.312279
0.198416	-0.115692	0.118297	0.258355
0.287206	-0.062581	0.104463	0.311955
0.250416	-0.130124	0.128716	0.310174
0.269817	-0.106981	0.170132	0.336438
0.215397	-0.103820	0.118671	0.266941
0.248603	-0.061784	0.124211	0.284691
0.237452	-0.134020	0.153861	0.313079
0.241953	-0.110313	0.133124	0.297376
0.278375	-0.135084	0.128241	0.334942
0.226329	-0.119608	0.140633	0.292076
0.276164	-0.111672	0.114227	0.319037
0.227540	-0.056194	0.096069	0.253301
0.254650	-0.170541	0.167105	0.349078
0.273538	-0.087593	0.109306	0.307317
0.184952	-0.195219	0.142366	0.304279
0.250147	-0.048032	0.113533	0.278873
0.235199	-0.135007	0.130143	0.300803
0.240795	-0.127410	0.101261	0.290637
0.239540	-0.110674	0.128835	0.293644
0.269608	-0.154604	0.137963	0.340036
0.298580	-0.123210	0.106097	0.339982
0.245424	-0.078551	0.150976	0.298659
0.226099	-0.090488	0.106667	0.265870
0.238883	-0.107168	0.165082	0.309519
0.220629	-0.125484	0.136733	0.288304
0.243073	-0.170808	0.139566	0.328235
0.274829	-0.115658	0.140889	0.329784
0.234401	-0.108255	0.127465	0.287942
0.249495	-0.130076	0.132591	0.311043
0.224958	-0.074577	0.155300	0.283348
0.267271	-0.099077	0.077526	0.295399
0.238942	-0.135951	0.150920	0.313612
0.229131	-0.157432	0.124314	0.304532
0.282903	-0.118354	0.165793	0.348610
0.255425	-0.144198	0.152843	0.330751
0.241795	-0.101525	0.180600	0.318415
0.256882	-0.090916	0.142378	0.307450
0.274928	-0.069136	0.102644	0.301498
0.220296	-0.136426	0.132717	0.291129
0.226073	-0.075368	0.129237	0.271094
0.249698	-0.145762	0.104613	0.307473
0.201586	-0.220255	0.186143	0.351850
0.242398	-0.160031	0.127575	0.317242
0.254197	-0.128773	0.152414	0.323153
0.262021	-0.165947	0.150726	0.344836
0.264152	-0.095546	0.167636	0.327120
0.233914	-0.175264	0.156234	0.331425
0.273146	-0.082959	0.129253	0.313365
0.279918	-0.053036	0.054689	0.290099
0.229629	-0.131453	0.115125	0.288554
0.279791	-0.118625	0.145563	0.336963
0.275765	-0.128824	0.058498	0.309942
0.217782	-0.045915	0.130162	0.257836
0.276330	-0.104524	0.101154	0.312275
0.244635	-0.177855	0.136290	0.331744
0.269716	-0.073357	0.091203	0.294017
0.260005	-0.109887	0.143202	0.316519
0.274925	-0.125057	0.151862	0.338061
0.256093	-0.135909	0.131023	0.318153
0.275171	-0.113734	0.154149	0.335286
0.273512	-0.087399	0.120025	0.311212
0.248692	-0.167920	0.163898	0.341917
0.234929	-0.170931	0.109009	0.310310
0.268129	-0.103449	0.179800	0.339003
0.260349	-0.141590	0.135718	0.325958
0.257623	-0.124126	0.161268	0.328305
0.247377	-0.109687	0.162521	0.315658
0.300334	-0.115407	0.107914	0.339359
0.268525	-0.113632	0.157944	0.331609
0.268441	-0.136060	0.150226	0.336364
0.289010	-0.047869	0.110997	0.313271
0.237316	-0.140641	0.168751	0.323382
0.254208	-0.106902	0.151922	0.314849
0.285686	-0.094283	0.136893	0.330523
0.300748	-0.078393	0.161676	0.350334
0.281462	-0.099958	0.114264	0.319794
